\BOOKMARK [0][-]{chapter*.1}{Acknowledgments}{}% 1
\BOOKMARK [0][-]{chapter.1}{Introduction}{}% 2
\BOOKMARK [1][-]{section.1.1}{Motivation}{chapter.1}% 3
\BOOKMARK [1][-]{section.1.2}{Overview of Dissertation}{chapter.1}% 4
\BOOKMARK [0][-]{chapter.2}{Ring Theoretic Notions}{}% 5
\BOOKMARK [1][-]{section.2.1}{Main Goals}{chapter.2}% 6
\BOOKMARK [1][-]{section.2.2}{Ring theoretic conventions}{chapter.2}% 7
\BOOKMARK [1][-]{section.2.3}{Krull Dimension}{chapter.2}% 8
\BOOKMARK [1][-]{section.2.4}{Cohen Macaulay Rings}{chapter.2}% 9
\BOOKMARK [0][-]{chapter.3}{Algebraic Groups}{}% 10
\BOOKMARK [1][-]{section.3.1}{Overview}{chapter.3}% 11
\BOOKMARK [1][-]{section.3.2}{Algebraic Groups ABCs}{chapter.3}% 12
\BOOKMARK [1][-]{section.3.3}{Modules for Algebraic Groups}{chapter.3}% 13
\BOOKMARK [1][-]{section.3.4}{Reductive Algebraic Groups}{chapter.3}% 14
\BOOKMARK [1][-]{section.3.5}{The Lie Algebra of an Algebraic Group}{chapter.3}% 15
\BOOKMARK [0][-]{chapter.4}{Lie Superalgebras}{}% 16
\BOOKMARK [1][-]{section.4.1}{Motivation}{chapter.4}% 17
\BOOKMARK [1][-]{section.4.2}{Definition and Examples}{chapter.4}% 18
\BOOKMARK [1][-]{section.4.3}{Classical Lie Superalgebras}{chapter.4}% 19
\BOOKMARK [1][-]{section.4.4}{Modules for Lie Superalgebras}{chapter.4}% 20
\BOOKMARK [1][-]{section.4.5}{Universal Enveloping Superalgebras}{chapter.4}% 21
\BOOKMARK [0][-]{chapter.5}{Relative Cohomology of Lie Superalgebras}{}% 22
\BOOKMARK [1][-]{section.5.1}{Overview}{chapter.5}% 23
\BOOKMARK [1][-]{section.5.2}{Koszul Complex}{chapter.5}% 24
\BOOKMARK [1][-]{section.5.3}{Products on Cochains and Cohomology}{chapter.5}% 25
\BOOKMARK [1][-]{section.5.4}{Classical Results}{chapter.5}% 26
\BOOKMARK [1][-]{section.5.5}{Sequential realization of Ext\(g,a\)n\(M,N\)}{chapter.5}% 27
\BOOKMARK [1][-]{section.5.6}{Computations}{chapter.5}% 28
\BOOKMARK [0][-]{chapter.6}{Finite Generation of Relative Cohomology}{}% 29
\BOOKMARK [1][-]{section.6.1}{Motivation}{chapter.6}% 30
\BOOKMARK [1][-]{section.6.2}{Filtration on Cochains}{chapter.6}% 31
\BOOKMARK [1][-]{section.6.3}{Pages of the Spectral Sequence}{chapter.6}% 32
\BOOKMARK [1][-]{section.6.4}{Proof of Finite Generation}{chapter.6}% 33
\BOOKMARK [1][-]{section.6.5}{A Cohomology Ring of Intermediate Dimension}{chapter.6}% 34
\BOOKMARK [1][-]{section.6.6}{Structure of Cohomology Rings}{chapter.6}% 35
\BOOKMARK [0][-]{chapter.7}{Support Variety Theory}{}% 36
\BOOKMARK [1][-]{section.7.1}{Motivation}{chapter.7}% 37
\BOOKMARK [1][-]{section.7.2}{Definition and Basic Properties}{chapter.7}% 38
\BOOKMARK [1][-]{section.7.3}{Natural Maps of Cohomology Varieties}{chapter.7}% 39
\BOOKMARK [1][-]{section.7.4}{Rank Varieties}{chapter.7}% 40
\BOOKMARK [1][-]{section.7.5}{}{chapter.7}% 41
\BOOKMARK [1][-]{section.7.6}{Realizability}{chapter.7}% 42
\BOOKMARK [1][-]{section.7.7}{Tensor products}{chapter.7}% 43
\BOOKMARK [1][-]{section.7.8}{Connectedness of support varieties}{chapter.7}% 44
\BOOKMARK [0][-]{chapter*.3}{Bibliography}{}% 45
